2024-12-23 11:24:52,897 - __main__ - INFO - Initializing KeycloakManager and getting admin token
2024-12-23 11:24:52,963 - __main__ - INFO - Admin token received (truncated): eyJhbGciOiJSUzI1NiIsInR5cCIgOi...
2024-12-23 11:24:52,966 - __main__ - INFO - Data saved to logs/admin_token.json
2024-12-23 11:24:52,966 - __main__ - INFO - Creating new user: Strange4
2024-12-23 11:24:52,988 - __main__ - ERROR - An error occurred: 409 Client Error: Conflict for url: http://localhost:8080/admin/realms/KeycloakAuthFlow/users
Traceback (most recent call last):
  File "/home/anqorithm/Workstations/MobilyWorkstation/keycloak_manager/app.py", line 67, in main
    user_id = manager.create_user(**user_data)
              ^^^^^^^^^^^^^^^^^^^^^^^^^^^^^^^^
  File "/home/anqorithm/Workstations/MobilyWorkstation/keycloak_manager/keycloak_manager/manager.py", line 129, in create_user
    response.raise_for_status()
  File "/home/anqorithm/.cache/pypoetry/virtualenvs/keyclock-auth-flow-vhPxg0if-py3.12/lib/python3.12/site-packages/requests/models.py", line 1024, in raise_for_status
    raise HTTPError(http_error_msg, response=self)
requests.exceptions.HTTPError: 409 Client Error: Conflict for url: http://localhost:8080/admin/realms/KeycloakAuthFlow/users
2024-12-23 11:27:38,954 - __main__ - INFO - Initializing KeycloakManager and getting admin token
2024-12-23 11:27:39,010 - __main__ - INFO - Admin token received (truncated): eyJhbGciOiJSUzI1NiIsInR5cCIgOi...
2024-12-23 11:27:39,011 - __main__ - ERROR - Error saving to JSON: 'Generator' object has no attribute 'environment_variable'
2024-12-23 11:27:39,011 - __main__ - INFO - Generating 5 random users
2024-12-23 11:27:39,011 - __main__ - ERROR - An error occurred: 'Generator' object has no attribute 'department'
Traceback (most recent call last):
  File "/home/anqorithm/Workstations/MobilyWorkstation/keycloak_manager/app.py", line 117, in main
    user_data = generate_user_data()
                ^^^^^^^^^^^^^^^^^^^^
  File "/home/anqorithm/Workstations/MobilyWorkstation/keycloak_manager/app.py", line 38, in generate_user_data
    "department": [fake.department()],
                   ^^^^^^^^^^^^^^^
  File "/home/anqorithm/.cache/pypoetry/virtualenvs/keyclock-auth-flow-vhPxg0if-py3.12/lib/python3.12/site-packages/faker/proxy.py", line 130, in __getattr__
    return getattr(self._factories[0], attr)
           ^^^^^^^^^^^^^^^^^^^^^^^^^^^^^^^^^
AttributeError: 'Generator' object has no attribute 'department'
2024-12-23 11:28:51,838 - __main__ - INFO - Initializing KeycloakManager and getting admin token
2024-12-23 11:28:51,883 - __main__ - INFO - Admin token received (truncated): eyJhbGciOiJSUzI1NiIsInR5cCIgOi...
2024-12-23 11:28:51,890 - __main__ - INFO - Data saved to logs/20241223_112851_admin_token.json
2024-12-23 11:28:51,890 - __main__ - INFO - Generating 5 random users
2024-12-23 11:28:51,891 - __main__ - ERROR - An error occurred: 'str' object has no attribute 'isoformat'
Traceback (most recent call last):
  File "/home/anqorithm/Workstations/MobilyWorkstation/keycloak_manager/app.py", line 123, in main
    user_data = generate_user_data()
                ^^^^^^^^^^^^^^^^^^^^
  File "/home/anqorithm/Workstations/MobilyWorkstation/keycloak_manager/app.py", line 48, in generate_user_data
    "hire_date": [fake.date().isoformat()]
                  ^^^^^^^^^^^^^^^^^^^^^
AttributeError: 'str' object has no attribute 'isoformat'. Did you mean: 'format'?
2024-12-23 11:30:06,779 - __main__ - INFO - Initializing KeycloakManager and getting admin token
2024-12-23 11:30:06,835 - __main__ - INFO - Admin token received (truncated): eyJhbGciOiJSUzI1NiIsInR5cCIgOi...
2024-12-23 11:30:06,843 - __main__ - INFO - Data saved to logs/20241223_113006_admin_token.json
2024-12-23 11:30:06,844 - __main__ - INFO - Generating 2 random users
2024-12-23 11:30:06,844 - __main__ - INFO - Creating user 1/2: jacobbrown340
2024-12-23 11:30:06,881 - __main__ - INFO - User created successfully with ID: 86c985d8-0508-4235-ad23-84a159607326
2024-12-23 11:30:06,882 - __main__ - INFO - Setting password for user: jacobbrown340
2024-12-23 11:30:06,933 - __main__ - INFO - Password set successfully
2024-12-23 11:30:06,933 - __main__ - INFO - Requesting token for user: jacobbrown340
2024-12-23 11:30:06,995 - __main__ - INFO - User token received successfully
2024-12-23 11:30:06,996 - __main__ - INFO - Data saved to logs/20241223_113006_user_86c985d8-0508-4235-ad23-84a159607326_token.json
2024-12-23 11:30:06,996 - __main__ - INFO - Decoding access token
2024-12-23 11:30:06,997 - __main__ - INFO - Data saved to logs/20241223_113006_user_86c985d8-0508-4235-ad23-84a159607326_decoded_token.json
2024-12-23 11:30:06,997 - __main__ - INFO - Creating user 2/2: laurensosa215
2024-12-23 11:30:07,016 - __main__ - INFO - User created successfully with ID: bb367af5-a027-43f7-ac3b-ae06ba710ebb
2024-12-23 11:30:07,016 - __main__ - INFO - Setting password for user: laurensosa215
2024-12-23 11:30:07,062 - __main__ - INFO - Password set successfully
2024-12-23 11:30:07,062 - __main__ - INFO - Requesting token for user: laurensosa215
2024-12-23 11:30:07,141 - __main__ - INFO - User token received successfully
2024-12-23 11:30:07,143 - __main__ - INFO - Data saved to logs/20241223_113007_user_bb367af5-a027-43f7-ac3b-ae06ba710ebb_token.json
2024-12-23 11:30:07,143 - __main__ - INFO - Decoding access token
2024-12-23 11:30:07,145 - __main__ - INFO - Data saved to logs/20241223_113007_user_bb367af5-a027-43f7-ac3b-ae06ba710ebb_decoded_token.json
2024-12-23 11:30:07,147 - __main__ - INFO - Data saved to logs/20241223_113007_users_summary.json
2024-12-23 11:30:07,147 - __main__ - INFO - Successfully created 2 users
2024-12-23 11:30:11,680 - __main__ - INFO - Initializing KeycloakManager and getting admin token
2024-12-23 11:30:11,723 - __main__ - INFO - Admin token received (truncated): eyJhbGciOiJSUzI1NiIsInR5cCIgOi...
2024-12-23 11:30:11,731 - __main__ - INFO - Data saved to logs/20241223_113011_admin_token.json
2024-12-23 11:30:11,731 - __main__ - INFO - Generating 2 random users
2024-12-23 11:30:11,732 - __main__ - INFO - Creating user 1/2: georgeanderson241
2024-12-23 11:30:11,751 - __main__ - INFO - User created successfully with ID: f344c72c-06d4-45ba-862f-690f3c690371
2024-12-23 11:30:11,751 - __main__ - INFO - Setting password for user: georgeanderson241
2024-12-23 11:30:11,792 - __main__ - INFO - Password set successfully
2024-12-23 11:30:11,793 - __main__ - INFO - Requesting token for user: georgeanderson241
2024-12-23 11:30:11,839 - __main__ - INFO - User token received successfully
2024-12-23 11:30:11,842 - __main__ - INFO - Data saved to logs/20241223_113011_user_f344c72c-06d4-45ba-862f-690f3c690371_token.json
2024-12-23 11:30:11,842 - __main__ - INFO - Decoding access token
2024-12-23 11:30:11,843 - __main__ - INFO - Data saved to logs/20241223_113011_user_f344c72c-06d4-45ba-862f-690f3c690371_decoded_token.json
2024-12-23 11:30:11,844 - __main__ - INFO - Creating user 2/2: elizabethbrown836
2024-12-23 11:30:11,864 - __main__ - INFO - User created successfully with ID: 64e976ed-3c93-404b-9e5b-6aef24e74794
2024-12-23 11:30:11,864 - __main__ - INFO - Setting password for user: elizabethbrown836
2024-12-23 11:30:11,908 - __main__ - INFO - Password set successfully
2024-12-23 11:30:11,909 - __main__ - INFO - Requesting token for user: elizabethbrown836
2024-12-23 11:30:11,967 - __main__ - INFO - User token received successfully
2024-12-23 11:30:11,969 - __main__ - INFO - Data saved to logs/20241223_113011_user_64e976ed-3c93-404b-9e5b-6aef24e74794_token.json
2024-12-23 11:30:11,969 - __main__ - INFO - Decoding access token
2024-12-23 11:30:11,971 - __main__ - INFO - Data saved to logs/20241223_113011_user_64e976ed-3c93-404b-9e5b-6aef24e74794_decoded_token.json
2024-12-23 11:30:11,971 - __main__ - INFO - Data saved to logs/20241223_113011_users_summary.json
2024-12-23 11:30:11,972 - __main__ - INFO - Successfully created 2 users
2024-12-23 11:30:22,414 - __main__ - INFO - Initializing KeycloakManager and getting admin token
2024-12-23 11:30:22,452 - __main__ - INFO - Admin token received (truncated): eyJhbGciOiJSUzI1NiIsInR5cCIgOi...
2024-12-23 11:30:22,461 - __main__ - INFO - Data saved to logs/20241223_113022_admin_token.json
2024-12-23 11:30:22,462 - __main__ - INFO - Generating 3 random users
2024-12-23 11:30:22,462 - __main__ - INFO - Creating user 1/3: michaelscott163
2024-12-23 11:30:22,485 - __main__ - INFO - User created successfully with ID: 7ff303c7-13e4-4300-8ae1-22b2f4c56960
2024-12-23 11:30:22,485 - __main__ - INFO - Setting password for user: michaelscott163
2024-12-23 11:30:22,515 - __main__ - INFO - Password set successfully
2024-12-23 11:30:22,516 - __main__ - INFO - Requesting token for user: michaelscott163
2024-12-23 11:30:22,553 - __main__ - INFO - User token received successfully
2024-12-23 11:30:22,554 - __main__ - INFO - Data saved to logs/20241223_113022_user_7ff303c7-13e4-4300-8ae1-22b2f4c56960_token.json
2024-12-23 11:30:22,554 - __main__ - INFO - Decoding access token
2024-12-23 11:30:22,555 - __main__ - INFO - Data saved to logs/20241223_113022_user_7ff303c7-13e4-4300-8ae1-22b2f4c56960_decoded_token.json
2024-12-23 11:30:22,555 - __main__ - INFO - Creating user 2/3: robertdelgado303
2024-12-23 11:30:22,569 - __main__ - INFO - User created successfully with ID: f9463186-e0b0-4b1e-80bb-da8c3a89fcf7
2024-12-23 11:30:22,569 - __main__ - INFO - Setting password for user: robertdelgado303
2024-12-23 11:30:22,607 - __main__ - INFO - Password set successfully
2024-12-23 11:30:22,607 - __main__ - INFO - Requesting token for user: robertdelgado303
2024-12-23 11:30:22,652 - __main__ - INFO - User token received successfully
2024-12-23 11:30:22,652 - __main__ - INFO - Data saved to logs/20241223_113022_user_f9463186-e0b0-4b1e-80bb-da8c3a89fcf7_token.json
2024-12-23 11:30:22,652 - __main__ - INFO - Decoding access token
2024-12-23 11:30:22,655 - __main__ - INFO - Data saved to logs/20241223_113022_user_f9463186-e0b0-4b1e-80bb-da8c3a89fcf7_decoded_token.json
2024-12-23 11:30:22,656 - __main__ - INFO - Creating user 3/3: crystalflores654
2024-12-23 11:30:22,671 - __main__ - INFO - User created successfully with ID: f2e01e59-be3e-4c58-a9db-dc8aa516872a
2024-12-23 11:30:22,671 - __main__ - INFO - Setting password for user: crystalflores654
2024-12-23 11:30:22,706 - __main__ - INFO - Password set successfully
2024-12-23 11:30:22,706 - __main__ - INFO - Requesting token for user: crystalflores654
2024-12-23 11:30:22,749 - __main__ - INFO - User token received successfully
2024-12-23 11:30:22,749 - __main__ - INFO - Data saved to logs/20241223_113022_user_f2e01e59-be3e-4c58-a9db-dc8aa516872a_token.json
2024-12-23 11:30:22,749 - __main__ - INFO - Decoding access token
2024-12-23 11:30:22,750 - __main__ - INFO - Data saved to logs/20241223_113022_user_f2e01e59-be3e-4c58-a9db-dc8aa516872a_decoded_token.json
2024-12-23 11:30:22,751 - __main__ - INFO - Data saved to logs/20241223_113022_users_summary.json
2024-12-23 11:30:22,751 - __main__ - INFO - Successfully created 3 users
2024-12-23 11:31:06,088 - __main__ - INFO - Initializing KeycloakManager and getting admin token
2024-12-23 11:31:06,143 - __main__ - INFO - Admin token received (truncated): eyJhbGciOiJSUzI1NiIsInR5cCIgOi...
2024-12-23 11:31:06,150 - __main__ - INFO - Data saved to logs/20241223_113106_admin_token.json
2024-12-23 11:31:06,150 - __main__ - INFO - Generating 4 random users
2024-12-23 11:31:06,151 - __main__ - INFO - Creating user 1/4: scottkerr697
2024-12-23 11:31:06,180 - __main__ - INFO - User created successfully with ID: 556230d4-886e-458b-8400-36e5fb1dc5f8
2024-12-23 11:31:06,180 - __main__ - INFO - Setting password for user: scottkerr697
2024-12-23 11:31:06,250 - __main__ - INFO - Password set successfully
2024-12-23 11:31:06,250 - __main__ - INFO - Requesting token for user: scottkerr697
2024-12-23 11:31:06,292 - __main__ - INFO - User token received successfully
2024-12-23 11:31:06,294 - __main__ - INFO - Data saved to logs/20241223_113106_user_556230d4-886e-458b-8400-36e5fb1dc5f8_token.json
2024-12-23 11:31:06,294 - __main__ - INFO - Decoding access token
2024-12-23 11:31:06,295 - __main__ - INFO - Data saved to logs/20241223_113106_user_556230d4-886e-458b-8400-36e5fb1dc5f8_decoded_token.json
2024-12-23 11:31:06,296 - __main__ - INFO - Creating user 2/4: ashleemartinez807
2024-12-23 11:31:06,311 - __main__ - INFO - User created successfully with ID: 73f08854-7bf4-4154-8275-110bc8c30778
2024-12-23 11:31:06,311 - __main__ - INFO - Setting password for user: ashleemartinez807
2024-12-23 11:31:06,346 - __main__ - INFO - Password set successfully
2024-12-23 11:31:06,347 - __main__ - INFO - Requesting token for user: ashleemartinez807
2024-12-23 11:31:06,395 - __main__ - INFO - User token received successfully
2024-12-23 11:31:06,396 - __main__ - INFO - Data saved to logs/20241223_113106_user_73f08854-7bf4-4154-8275-110bc8c30778_token.json
2024-12-23 11:31:06,396 - __main__ - INFO - Decoding access token
2024-12-23 11:31:06,397 - __main__ - INFO - Data saved to logs/20241223_113106_user_73f08854-7bf4-4154-8275-110bc8c30778_decoded_token.json
2024-12-23 11:31:06,397 - __main__ - INFO - Creating user 3/4: kevinarnold913
2024-12-23 11:31:06,414 - __main__ - INFO - User created successfully with ID: 5be569b6-afcf-4994-9952-7f0105a73ffd
2024-12-23 11:31:06,414 - __main__ - INFO - Setting password for user: kevinarnold913
2024-12-23 11:31:06,450 - __main__ - INFO - Password set successfully
2024-12-23 11:31:06,451 - __main__ - INFO - Requesting token for user: kevinarnold913
2024-12-23 11:31:06,502 - __main__ - INFO - User token received successfully
2024-12-23 11:31:06,503 - __main__ - INFO - Data saved to logs/20241223_113106_user_5be569b6-afcf-4994-9952-7f0105a73ffd_token.json
2024-12-23 11:31:06,504 - __main__ - INFO - Decoding access token
2024-12-23 11:31:06,505 - __main__ - INFO - Data saved to logs/20241223_113106_user_5be569b6-afcf-4994-9952-7f0105a73ffd_decoded_token.json
2024-12-23 11:31:06,506 - __main__ - INFO - Creating user 4/4: johnvaughan223
2024-12-23 11:31:06,524 - __main__ - INFO - User created successfully with ID: 6f86a558-44b0-4348-955d-5600d830b25b
2024-12-23 11:31:06,525 - __main__ - INFO - Setting password for user: johnvaughan223
2024-12-23 11:31:06,562 - __main__ - INFO - Password set successfully
2024-12-23 11:31:06,562 - __main__ - INFO - Requesting token for user: johnvaughan223
2024-12-23 11:31:06,612 - __main__ - INFO - User token received successfully
2024-12-23 11:31:06,614 - __main__ - INFO - Data saved to logs/20241223_113106_user_6f86a558-44b0-4348-955d-5600d830b25b_token.json
2024-12-23 11:31:06,614 - __main__ - INFO - Decoding access token
2024-12-23 11:31:06,615 - __main__ - INFO - Data saved to logs/20241223_113106_user_6f86a558-44b0-4348-955d-5600d830b25b_decoded_token.json
2024-12-23 11:31:06,616 - __main__ - INFO - Data saved to logs/20241223_113106_users_summary.json
2024-12-23 11:31:06,616 - __main__ - INFO - Successfully created 4 users
2024-12-23 11:33:05,929 - __main__ - INFO - Initializing KeycloakManager and getting admin token
2024-12-23 11:33:05,979 - __main__ - INFO - Admin token received (truncated): eyJhbGciOiJSUzI1NiIsInR5cCIgOi...
2024-12-23 11:33:05,987 - __main__ - INFO - Data saved to logs/20241223_113305_admin_token.json
2024-12-23 11:33:05,988 - __main__ - INFO - Generating 4 random users
2024-12-23 11:33:05,988 - __main__ - INFO - Creating user 1/4: bryandavidson856
2024-12-23 11:33:05,988 - __main__ - ERROR - An error occurred: KeycloakManager.create_user() got an unexpected keyword argument 'is_email_verified'
Traceback (most recent call last):
  File "/home/anqorithm/Workstations/MobilyWorkstation/keycloak_manager/app.py", line 130, in main
    user_id = manager.create_user(**user_data)
              ^^^^^^^^^^^^^^^^^^^^^^^^^^^^^^^^
TypeError: KeycloakManager.create_user() got an unexpected keyword argument 'is_email_verified'
2024-12-23 11:33:07,966 - __main__ - INFO - Initializing KeycloakManager and getting admin token
2024-12-23 11:33:08,013 - __main__ - INFO - Admin token received (truncated): eyJhbGciOiJSUzI1NiIsInR5cCIgOi...
2024-12-23 11:33:08,021 - __main__ - INFO - Data saved to logs/20241223_113308_admin_token.json
2024-12-23 11:33:08,021 - __main__ - INFO - Generating 5 random users
2024-12-23 11:33:08,022 - __main__ - INFO - Creating user 1/5: austinwall141
2024-12-23 11:33:08,022 - __main__ - ERROR - An error occurred: KeycloakManager.create_user() got an unexpected keyword argument 'is_email_verified'
Traceback (most recent call last):
  File "/home/anqorithm/Workstations/MobilyWorkstation/keycloak_manager/app.py", line 130, in main
    user_id = manager.create_user(**user_data)
              ^^^^^^^^^^^^^^^^^^^^^^^^^^^^^^^^
TypeError: KeycloakManager.create_user() got an unexpected keyword argument 'is_email_verified'
2024-12-23 11:33:41,756 - __main__ - INFO - Initializing KeycloakManager and getting admin token
2024-12-23 11:33:41,804 - __main__ - INFO - Admin token received (truncated): eyJhbGciOiJSUzI1NiIsInR5cCIgOi...
2024-12-23 11:33:41,811 - __main__ - INFO - Data saved to logs/20241223_113341_admin_token.json
2024-12-23 11:33:41,811 - __main__ - INFO - Generating 2 random users
2024-12-23 11:33:41,812 - __main__ - INFO - Creating user 1/2: javiermiller846
2024-12-23 11:33:41,812 - __main__ - ERROR - An error occurred: KeycloakManager.create_user() got an unexpected keyword argument 'is_email_verified'
Traceback (most recent call last):
  File "/home/anqorithm/Workstations/MobilyWorkstation/keycloak_manager/app.py", line 130, in main
    user_id = manager.create_user(**user_data)
              ^^^^^^^^^^^^^^^^^^^^^^^^^^^^^^^^
TypeError: KeycloakManager.create_user() got an unexpected keyword argument 'is_email_verified'
2024-12-23 11:33:53,935 - __main__ - INFO - Initializing KeycloakManager and getting admin token
2024-12-23 11:33:53,976 - __main__ - INFO - Admin token received (truncated): eyJhbGciOiJSUzI1NiIsInR5cCIgOi...
2024-12-23 11:33:53,982 - __main__ - INFO - Data saved to logs/20241223_113353_admin_token.json
2024-12-23 11:33:53,982 - __main__ - INFO - Generating 5 random users
2024-12-23 11:33:53,983 - __main__ - INFO - Creating user 1/5: sabrinaward455
2024-12-23 11:33:54,014 - __main__ - INFO - User created successfully with ID: 2b9a488a-524a-4471-90f8-05d1bd908a3d
2024-12-23 11:33:54,014 - __main__ - INFO - Setting password for user: sabrinaward455
2024-12-23 11:33:54,045 - __main__ - INFO - Password set successfully
2024-12-23 11:33:54,046 - __main__ - INFO - Requesting token for user: sabrinaward455
2024-12-23 11:33:54,083 - __main__ - INFO - User token received successfully
2024-12-23 11:33:54,084 - __main__ - INFO - Data saved to logs/20241223_113354_user_2b9a488a-524a-4471-90f8-05d1bd908a3d_token.json
2024-12-23 11:33:54,084 - __main__ - INFO - Decoding access token
2024-12-23 11:33:54,085 - __main__ - INFO - Data saved to logs/20241223_113354_user_2b9a488a-524a-4471-90f8-05d1bd908a3d_decoded_token.json
2024-12-23 11:33:54,085 - __main__ - INFO - Creating user 2/5: amyhayden106
2024-12-23 11:33:54,098 - __main__ - INFO - User created successfully with ID: 5adf417f-7af6-4960-8da3-6deb4fa5338b
2024-12-23 11:33:54,098 - __main__ - INFO - Setting password for user: amyhayden106
2024-12-23 11:33:54,127 - __main__ - INFO - Password set successfully
2024-12-23 11:33:54,128 - __main__ - INFO - Requesting token for user: amyhayden106
2024-12-23 11:33:54,166 - __main__ - INFO - User token received successfully
2024-12-23 11:33:54,167 - __main__ - INFO - Data saved to logs/20241223_113354_user_5adf417f-7af6-4960-8da3-6deb4fa5338b_token.json
2024-12-23 11:33:54,167 - __main__ - INFO - Decoding access token
2024-12-23 11:33:54,168 - __main__ - INFO - Data saved to logs/20241223_113354_user_5adf417f-7af6-4960-8da3-6deb4fa5338b_decoded_token.json
2024-12-23 11:33:54,168 - __main__ - INFO - Creating user 3/5: paulfisher807
2024-12-23 11:33:54,182 - __main__ - INFO - User created successfully with ID: c44f9e6c-a91a-409e-b4b0-376d06a8a171
2024-12-23 11:33:54,182 - __main__ - INFO - Setting password for user: paulfisher807
2024-12-23 11:33:54,210 - __main__ - INFO - Password set successfully
2024-12-23 11:33:54,211 - __main__ - INFO - Requesting token for user: paulfisher807
2024-12-23 11:33:54,248 - __main__ - INFO - User token received successfully
2024-12-23 11:33:54,248 - __main__ - INFO - Data saved to logs/20241223_113354_user_c44f9e6c-a91a-409e-b4b0-376d06a8a171_token.json
2024-12-23 11:33:54,249 - __main__ - INFO - Decoding access token
2024-12-23 11:33:54,249 - __main__ - INFO - Data saved to logs/20241223_113354_user_c44f9e6c-a91a-409e-b4b0-376d06a8a171_decoded_token.json
2024-12-23 11:33:54,250 - __main__ - INFO - Creating user 4/5: gregdavis805
2024-12-23 11:33:54,264 - __main__ - INFO - User created successfully with ID: 639a77ce-6163-496a-86a2-9c2c7ddd16be
2024-12-23 11:33:54,265 - __main__ - INFO - Setting password for user: gregdavis805
2024-12-23 11:33:54,296 - __main__ - INFO - Password set successfully
2024-12-23 11:33:54,296 - __main__ - INFO - Requesting token for user: gregdavis805
2024-12-23 11:33:54,304 - __main__ - ERROR - An error occurred: 400 Client Error: Bad Request for url: http://localhost:8080/realms/KeycloakAuthFlow/protocol/openid-connect/token
Traceback (most recent call last):
  File "/home/anqorithm/Workstations/MobilyWorkstation/keycloak_manager/app.py", line 149, in main
    token_response = manager.get_user_token(
                     ^^^^^^^^^^^^^^^^^^^^^^^
  File "/home/anqorithm/Workstations/MobilyWorkstation/keycloak_manager/keycloak_manager/manager.py", line 213, in get_user_token
    response.raise_for_status()
  File "/home/anqorithm/.cache/pypoetry/virtualenvs/keyclock-auth-flow-vhPxg0if-py3.12/lib/python3.12/site-packages/requests/models.py", line 1024, in raise_for_status
    raise HTTPError(http_error_msg, response=self)
requests.exceptions.HTTPError: 400 Client Error: Bad Request for url: http://localhost:8080/realms/KeycloakAuthFlow/protocol/openid-connect/token
2024-12-23 11:34:01,678 - __main__ - INFO - Initializing KeycloakManager and getting admin token
2024-12-23 11:34:01,720 - __main__ - INFO - Admin token received (truncated): eyJhbGciOiJSUzI1NiIsInR5cCIgOi...
2024-12-23 11:34:01,726 - __main__ - INFO - Data saved to logs/20241223_113401_admin_token.json
2024-12-23 11:34:01,726 - __main__ - INFO - Generating 4 random users
2024-12-23 11:34:01,727 - __main__ - INFO - Creating user 1/4: stacylittle627
2024-12-23 11:34:01,744 - __main__ - INFO - User created successfully with ID: 60b1537b-f906-4e61-ba04-a561d6392a97
2024-12-23 11:34:01,745 - __main__ - INFO - Setting password for user: stacylittle627
2024-12-23 11:34:01,774 - __main__ - INFO - Password set successfully
2024-12-23 11:34:01,774 - __main__ - INFO - Requesting token for user: stacylittle627
2024-12-23 11:34:01,814 - __main__ - INFO - User token received successfully
2024-12-23 11:34:01,815 - __main__ - INFO - Data saved to logs/20241223_113401_user_60b1537b-f906-4e61-ba04-a561d6392a97_token.json
2024-12-23 11:34:01,815 - __main__ - INFO - Decoding access token
2024-12-23 11:34:01,816 - __main__ - INFO - Data saved to logs/20241223_113401_user_60b1537b-f906-4e61-ba04-a561d6392a97_decoded_token.json
2024-12-23 11:34:01,816 - __main__ - INFO - Creating user 2/4: dwayneshaw513
2024-12-23 11:34:01,829 - __main__ - INFO - User created successfully with ID: 393ef0d9-5eb8-406f-aedd-2a4f1b914404
2024-12-23 11:34:01,829 - __main__ - INFO - Setting password for user: dwayneshaw513
2024-12-23 11:34:01,860 - __main__ - INFO - Password set successfully
2024-12-23 11:34:01,861 - __main__ - INFO - Requesting token for user: dwayneshaw513
2024-12-23 11:34:01,898 - __main__ - INFO - User token received successfully
2024-12-23 11:34:01,899 - __main__ - INFO - Data saved to logs/20241223_113401_user_393ef0d9-5eb8-406f-aedd-2a4f1b914404_token.json
2024-12-23 11:34:01,899 - __main__ - INFO - Decoding access token
2024-12-23 11:34:01,900 - __main__ - INFO - Data saved to logs/20241223_113401_user_393ef0d9-5eb8-406f-aedd-2a4f1b914404_decoded_token.json
2024-12-23 11:34:01,900 - __main__ - INFO - Creating user 3/4: robynmiller616
2024-12-23 11:34:01,915 - __main__ - INFO - User created successfully with ID: 5fec3f37-2d7b-40cd-87d8-b42bec5decc8
2024-12-23 11:34:01,915 - __main__ - INFO - Setting password for user: robynmiller616
2024-12-23 11:34:01,947 - __main__ - INFO - Password set successfully
2024-12-23 11:34:01,947 - __main__ - INFO - Requesting token for user: robynmiller616
2024-12-23 11:34:01,983 - __main__ - INFO - User token received successfully
2024-12-23 11:34:01,985 - __main__ - INFO - Data saved to logs/20241223_113401_user_5fec3f37-2d7b-40cd-87d8-b42bec5decc8_token.json
2024-12-23 11:34:01,985 - __main__ - INFO - Decoding access token
2024-12-23 11:34:01,986 - __main__ - INFO - Data saved to logs/20241223_113401_user_5fec3f37-2d7b-40cd-87d8-b42bec5decc8_decoded_token.json
2024-12-23 11:34:01,986 - __main__ - INFO - Creating user 4/4: brittneymann769
2024-12-23 11:34:01,998 - __main__ - INFO - User created successfully with ID: fb7da41b-6f0b-441f-b42d-9086ae286581
2024-12-23 11:34:01,998 - __main__ - INFO - Setting password for user: brittneymann769
2024-12-23 11:34:02,035 - __main__ - INFO - Password set successfully
2024-12-23 11:34:02,035 - __main__ - INFO - Requesting token for user: brittneymann769
2024-12-23 11:34:02,070 - __main__ - INFO - User token received successfully
2024-12-23 11:34:02,071 - __main__ - INFO - Data saved to logs/20241223_113402_user_fb7da41b-6f0b-441f-b42d-9086ae286581_token.json
2024-12-23 11:34:02,071 - __main__ - INFO - Decoding access token
2024-12-23 11:34:02,072 - __main__ - INFO - Data saved to logs/20241223_113402_user_fb7da41b-6f0b-441f-b42d-9086ae286581_decoded_token.json
2024-12-23 11:34:02,072 - __main__ - INFO - Data saved to logs/20241223_113402_users_summary.json
2024-12-23 11:34:02,072 - __main__ - INFO - Successfully created 4 users
2024-12-23 11:35:22,714 - __main__ - INFO - Initializing KeycloakManager and getting admin token
2024-12-23 11:35:22,761 - __main__ - INFO - Admin token received (truncated): eyJhbGciOiJSUzI1NiIsInR5cCIgOi...
2024-12-23 11:35:22,761 - __main__ - INFO - Data saved to logs/admin_token.json
2024-12-23 11:35:22,761 - __main__ - INFO - Creating new user: Strange4
2024-12-23 11:35:22,775 - __main__ - ERROR - An error occurred: 409 Client Error: Conflict for url: http://localhost:8080/admin/realms/KeycloakAuthFlow/users
Traceback (most recent call last):
  File "/home/anqorithm/Workstations/MobilyWorkstation/keycloak_manager/app.py", line 66, in main
    user_id = manager.create_user(**user_data)
              ^^^^^^^^^^^^^^^^^^^^^^^^^^^^^^^^
  File "/home/anqorithm/Workstations/MobilyWorkstation/keycloak_manager/keycloak_manager/manager.py", line 129, in create_user
    response.raise_for_status()
  File "/home/anqorithm/.cache/pypoetry/virtualenvs/keyclock-auth-flow-vhPxg0if-py3.12/lib/python3.12/site-packages/requests/models.py", line 1024, in raise_for_status
    raise HTTPError(http_error_msg, response=self)
requests.exceptions.HTTPError: 409 Client Error: Conflict for url: http://localhost:8080/admin/realms/KeycloakAuthFlow/users
2024-12-23 11:35:35,661 - __main__ - INFO - Initializing KeycloakManager and getting admin token
2024-12-23 11:35:35,702 - __main__ - INFO - Admin token received (truncated): eyJhbGciOiJSUzI1NiIsInR5cCIgOi...
2024-12-23 11:35:35,702 - __main__ - INFO - Data saved to logs/admin_token.json
2024-12-23 11:35:35,702 - __main__ - INFO - Creating new user: Strange5
2024-12-23 11:35:35,718 - __main__ - INFO - User created successfully with ID: 2465ab78-fb5a-4cb7-bb61-11755a675695
2024-12-23 11:35:35,720 - __main__ - INFO - Data saved to logs/user_creation.json
2024-12-23 11:35:35,720 - __main__ - INFO - Setting password for user: Strange5
2024-12-23 11:35:35,755 - __main__ - INFO - Password set successfully
2024-12-23 11:35:35,755 - __main__ - INFO - Requesting user token
2024-12-23 11:35:35,793 - __main__ - INFO - User token received successfully
2024-12-23 11:35:35,793 - __main__ - INFO - Data saved to logs/user_token.json
2024-12-23 11:35:35,793 - __main__ - INFO - Decoding access token
2024-12-23 11:35:35,793 - __main__ - INFO - Token decoded successfully
2024-12-23 11:35:35,794 - __main__ - INFO - Data saved to logs/decoded_token.json
2024-12-23 11:35:35,794 - __main__ - INFO - Adding custom claim to decoded token
2024-12-23 11:35:35,794 - __main__ - INFO - Data saved to logs/modified_token.json
2024-12-23 11:35:35,794 - __main__ - INFO - All operations completed successfully
2024-12-23 11:35:55,671 - __main__ - INFO - Initializing KeycloakManager and getting admin token
2024-12-23 11:35:55,711 - __main__ - INFO - Admin token received (truncated): eyJhbGciOiJSUzI1NiIsInR5cCIgOi...
2024-12-23 11:35:55,711 - __main__ - INFO - Data saved to logs/admin_token.json
2024-12-23 11:35:55,712 - __main__ - INFO - Creating new user: Strange5
2024-12-23 11:35:55,723 - __main__ - ERROR - An error occurred: 409 Client Error: Conflict for url: http://localhost:8080/admin/realms/KeycloakAuthFlow/users
Traceback (most recent call last):
  File "/home/anqorithm/Workstations/MobilyWorkstation/keycloak_manager/app.py", line 66, in main
    user_id = manager.create_user(**user_data)
              ^^^^^^^^^^^^^^^^^^^^^^^^^^^^^^^^
  File "/home/anqorithm/Workstations/MobilyWorkstation/keycloak_manager/keycloak_manager/manager.py", line 129, in create_user
    response.raise_for_status()
  File "/home/anqorithm/.cache/pypoetry/virtualenvs/keyclock-auth-flow-vhPxg0if-py3.12/lib/python3.12/site-packages/requests/models.py", line 1024, in raise_for_status
    raise HTTPError(http_error_msg, response=self)
requests.exceptions.HTTPError: 409 Client Error: Conflict for url: http://localhost:8080/admin/realms/KeycloakAuthFlow/users
2024-12-23 11:37:11,253 - __main__ - INFO - Initializing KeycloakManager and getting admin token
2024-12-23 11:37:11,295 - __main__ - INFO - Admin token received (truncated): eyJhbGciOiJSUzI1NiIsInR5cCIgOi...
2024-12-23 11:37:11,296 - __main__ - INFO - Data saved to logs/admin_token.json
2024-12-23 11:37:11,296 - __main__ - INFO - Creating new user: davidcunningham173
2024-12-23 11:37:11,315 - __main__ - INFO - User created successfully with ID: 41d4a4b0-e4c0-45a2-8b5d-201cae5f3376
2024-12-23 11:37:11,315 - __main__ - INFO - Data saved to logs/user_creation.json
2024-12-23 11:37:11,315 - __main__ - INFO - Setting password for user: davidcunningham173
2024-12-23 11:37:11,351 - __main__ - INFO - Password set successfully
2024-12-23 11:37:11,351 - __main__ - INFO - Requesting user token
2024-12-23 11:37:11,389 - __main__ - INFO - User token received successfully
2024-12-23 11:37:11,389 - __main__ - INFO - Data saved to logs/user_token.json
2024-12-23 11:37:11,389 - __main__ - INFO - Decoding access token
2024-12-23 11:37:11,389 - __main__ - INFO - Token decoded successfully
2024-12-23 11:37:11,389 - __main__ - INFO - Data saved to logs/decoded_token.json
2024-12-23 11:37:11,390 - __main__ - INFO - Adding custom claim to decoded token
2024-12-23 11:37:11,390 - __main__ - INFO - Data saved to logs/modified_token.json
2024-12-23 11:37:11,390 - __main__ - INFO - All operations completed successfully
2024-12-23 11:37:29,077 - __main__ - INFO - Initializing KeycloakManager and getting admin token
2024-12-23 11:37:29,130 - __main__ - INFO - Admin token received (truncated): eyJhbGciOiJSUzI1NiIsInR5cCIgOi...
2024-12-23 11:37:29,131 - __main__ - INFO - Data saved to logs/admin_token.json
2024-12-23 11:37:29,131 - __main__ - INFO - Creating new user: rachelhaney840
2024-12-23 11:37:29,150 - __main__ - INFO - User created successfully with ID: cf9a1c45-d559-44ea-824f-7757650e7f2b
2024-12-23 11:37:29,151 - __main__ - INFO - Data saved to logs/user_creation.json
2024-12-23 11:37:29,151 - __main__ - INFO - Setting password for user: rachelhaney840
2024-12-23 11:37:29,184 - __main__ - INFO - Password set successfully
2024-12-23 11:37:29,185 - __main__ - INFO - Requesting user token
2024-12-23 11:37:29,226 - __main__ - INFO - User token received successfully
2024-12-23 11:37:29,226 - __main__ - INFO - Data saved to logs/user_token.json
2024-12-23 11:37:29,226 - __main__ - INFO - Decoding access token
2024-12-23 11:37:29,226 - __main__ - INFO - Token decoded successfully
2024-12-23 11:37:29,226 - __main__ - INFO - Data saved to logs/decoded_token.json
2024-12-23 11:37:29,226 - __main__ - INFO - Adding custom claim to decoded token
2024-12-23 11:37:29,227 - __main__ - INFO - Data saved to logs/modified_token.json
2024-12-23 11:37:29,227 - __main__ - INFO - All operations completed successfully
2024-12-23 11:37:30,093 - __main__ - INFO - Initializing KeycloakManager and getting admin token
2024-12-23 11:37:30,131 - __main__ - INFO - Admin token received (truncated): eyJhbGciOiJSUzI1NiIsInR5cCIgOi...
2024-12-23 11:37:30,131 - __main__ - INFO - Data saved to logs/admin_token.json
2024-12-23 11:37:30,132 - __main__ - INFO - Creating new user: jacobdiaz182
2024-12-23 11:37:30,148 - __main__ - INFO - User created successfully with ID: 234e44e2-928d-4d2b-9a44-6cf28a21d0d4
2024-12-23 11:37:30,149 - __main__ - INFO - Data saved to logs/user_creation.json
2024-12-23 11:37:30,149 - __main__ - INFO - Setting password for user: jacobdiaz182
2024-12-23 11:37:30,179 - __main__ - INFO - Password set successfully
2024-12-23 11:37:30,179 - __main__ - INFO - Requesting user token
2024-12-23 11:37:30,225 - __main__ - INFO - User token received successfully
2024-12-23 11:37:30,226 - __main__ - INFO - Data saved to logs/user_token.json
2024-12-23 11:37:30,226 - __main__ - INFO - Decoding access token
2024-12-23 11:37:30,226 - __main__ - INFO - Token decoded successfully
2024-12-23 11:37:30,226 - __main__ - INFO - Data saved to logs/decoded_token.json
2024-12-23 11:37:30,226 - __main__ - INFO - Adding custom claim to decoded token
2024-12-23 11:37:30,226 - __main__ - INFO - Data saved to logs/modified_token.json
2024-12-23 11:37:30,226 - __main__ - INFO - All operations completed successfully
2024-12-23 11:41:47,759 - __main__ - INFO - Initializing KeycloakManager and getting admin token
2024-12-23 11:41:47,815 - __main__ - INFO - Admin token received (truncated): eyJhbGciOiJSUzI1NiIsInR5cCIgOi...
2024-12-23 11:41:47,816 - __main__ - INFO - Data saved to logs/admin_token.json
2024-12-23 11:41:47,816 - __main__ - INFO - Creating new user: garylee383
2024-12-23 11:41:47,841 - __main__ - INFO - User created successfully with ID: abf2a32f-fc80-4048-8396-82d8c88dbed5
2024-12-23 11:41:47,842 - __main__ - INFO - Data saved to logs/user_creation.json
2024-12-23 11:41:47,842 - __main__ - INFO - Setting password for user: garylee383
2024-12-23 11:41:47,884 - __main__ - INFO - Password set successfully
2024-12-23 11:41:47,884 - __main__ - INFO - Requesting user token
2024-12-23 11:41:47,935 - __main__ - INFO - User token received successfully
2024-12-23 11:41:47,935 - __main__ - INFO - Data saved to logs/user_token.json
2024-12-23 11:41:47,935 - __main__ - INFO - Decoding access token
2024-12-23 11:41:47,935 - __main__ - INFO - Token decoded successfully
2024-12-23 11:41:47,936 - __main__ - INFO - Data saved to logs/decoded_token.json
2024-12-23 11:41:47,936 - __main__ - INFO - Adding custom claim to decoded token
2024-12-23 11:41:47,936 - __main__ - INFO - Data saved to logs/modified_token.json
2024-12-23 11:41:47,936 - __main__ - INFO - All operations completed successfully
2024-12-23 11:43:09,459 - __main__ - INFO - Initializing KeycloakManager and getting admin token
2024-12-23 11:43:09,505 - __main__ - INFO - Admin token received (truncated): eyJhbGciOiJSUzI1NiIsInR5cCIgOi...
2024-12-23 11:43:09,505 - __main__ - INFO - Data saved to logs/admin_token.json
2024-12-23 11:43:09,506 - __main__ - INFO - Creating new user: ericwilson405
2024-12-23 11:43:09,525 - __main__ - INFO - User created successfully with ID: fc8d59df-7d3a-4d7a-8e26-298b134f3d14
2024-12-23 11:43:09,526 - __main__ - INFO - Data saved to logs/user_creation.json
2024-12-23 11:43:09,526 - __main__ - INFO - Setting password for user: ericwilson405
2024-12-23 11:43:09,559 - __main__ - INFO - Password set successfully
2024-12-23 11:43:09,559 - __main__ - INFO - Requesting user token
2024-12-23 11:43:09,598 - __main__ - INFO - User token received successfully
2024-12-23 11:43:09,598 - __main__ - INFO - Data saved to logs/user_token.json
2024-12-23 11:43:09,598 - __main__ - INFO - Decoding access token
2024-12-23 11:43:09,599 - __main__ - INFO - Token decoded successfully
2024-12-23 11:43:09,599 - __main__ - INFO - Original decoded token: {
  "exp": 1734943689,
  "iat": 1734943389,
  "jti": "0853e63d-b61e-42f5-a7c4-628c1806b1fb",
  "iss": "http://localhost:8080/realms/KeycloakAuthFlow",
  "typ": "Bearer",
  "azp": "admin-cli",
  "sid": "5665292b-b0ee-4dbe-99e0-65be761eb8a1",
  "scope": "email profile"
}
2024-12-23 11:43:09,599 - __main__ - INFO - Data saved to logs/decoded_token.json
2024-12-23 11:43:09,599 - __main__ - INFO - Adding custom claim to decoded token
2024-12-23 11:43:09,599 - __main__ - INFO - Modified token with custom claim: {
  "exp": 1734943689,
  "iat": 1734943389,
  "jti": "0853e63d-b61e-42f5-a7c4-628c1806b1fb",
  "iss": "http://localhost:8080/realms/KeycloakAuthFlow",
  "typ": "Bearer",
  "azp": "admin-cli",
  "sid": "5665292b-b0ee-4dbe-99e0-65be761eb8a1",
  "scope": "email profile",
  "is_email_verified": false
}
2024-12-23 11:43:09,599 - __main__ - INFO - Data saved to logs/modified_token.json
2024-12-23 11:43:09,599 - __main__ - INFO - All operations completed successfully
